Arguments: 
  /home/jesse/.nvm/versions/node/v8.10.0/bin/node /usr/bin/yarn

PATH: 
  /home/jesse/.local/bin:/home/jesse/.local/bin:/home/jesse/.local/share/umake/bin:/home/jesse/.local/bin:/home/jesse/.nvm/versions/node/v8.10.0/bin:/usr/local/sbin:/usr/local/bin:/usr/sbin:/usr/bin:/sbin:/bin:/usr/games:/usr/local/games:/home/jesse/.dotnet/tools:/home/jesse/.pulumi/bin:/home/jesse/.pulumi/bin:/home/jesse/.fzf/bin:/home/jesse/.pulumi/bin

Yarn version: 
  1.10.1

Node version: 
  8.10.0

Platform: 
  linux x64

Trace: 
  SyntaxError: /home/jesse/code/colorbox/package.json: Unexpected token } in JSON at position 299
      at JSON.parse (<anonymous>)
      at /usr/lib/node_modules/yarn/lib/cli.js:1136:59
      at Generator.next (<anonymous>)
      at step (/usr/lib/node_modules/yarn/lib/cli.js:98:30)
      at /usr/lib/node_modules/yarn/lib/cli.js:109:13
      at <anonymous>

npm manifest: 
  {
      "name": "lyft-coloralgorithm",
      "version": "1.0.0",
      "description": "Creates color sets",
      "main": "src/generate.js",
      "author": "Kevyn Arnott <karnott@lyft.com>",
      "license": "Apache-2.0",
      "dependencies": {
        "chroma-js": "^1.3.7",
        "bezier-easing": "^2.1.0",
      },
  }

yarn manifest: 
  No manifest

Lockfile: 
  No lockfile
